<?xml version="1.0" encoding="UTF-8"?>
<!-- Generated by org.testng.reporters.JUnitXMLReporter -->
<testsuite hostname="EPRURYAW0076" ignored="0" name="Default test" tests="5" failures="0" timestamp="16 Aug 2017 06:36:46 GMT" time="6.258" errors="0">
  <testcase name="@BeforeTest setLetter" time="0.0" classname="tests.GmailTest">
    <failure type="org.testng.TestNGException" message="
Parameter &amp;apos;letterParam&amp;apos; is required by BeforeTest on method setLetter but has not been marked @Optional or defined
in C:\Users\Ivan_Bulgakov\AppData\Local\Temp\testng-eclipse-683041174\testng-customsuite.xml">
      <![CDATA[org.testng.TestNGException: 
Parameter 'letterParam' is required by BeforeTest on method setLetter but has not been marked @Optional or defined
in C:\Users\Ivan_Bulgakov\AppData\Local\Temp\testng-eclipse-683041174\testng-customsuite.xml
	at org.testng.internal.Parameters.createParameters(Parameters.java:199)
	at org.testng.internal.Parameters.createParameters(Parameters.java:443)
	at org.testng.internal.Parameters.createConfigurationParameters(Parameters.java:118)
	at org.testng.internal.Invoker.invokeConfigurations(Invoker.java:203)
	at org.testng.internal.Invoker.invokeConfigurations(Invoker.java:144)
	at org.testng.TestRunner.beforeRun(TestRunner.java:634)
	at org.testng.TestRunner.run(TestRunner.java:602)
	at org.testng.SuiteRunner.runTest(SuiteRunner.java:387)
	at org.testng.SuiteRunner.runSequentially(SuiteRunner.java:382)
	at org.testng.SuiteRunner.privateRun(SuiteRunner.java:340)
	at org.testng.SuiteRunner.run(SuiteRunner.java:289)
	at org.testng.SuiteRunnerWorker.runSuite(SuiteRunnerWorker.java:52)
	at org.testng.SuiteRunnerWorker.run(SuiteRunnerWorker.java:86)
	at org.testng.TestNG.runSuitesSequentially(TestNG.java:1293)
	at org.testng.TestNG.runSuitesLocally(TestNG.java:1218)
	at org.testng.TestNG.runSuites(TestNG.java:1133)
	at org.testng.TestNG.run(TestNG.java:1104)
	at org.testng.remote.AbstractRemoteTestNG.run(AbstractRemoteTestNG.java:132)
	at org.testng.remote.RemoteTestNG.initAndRun(RemoteTestNG.java:230)
	at org.testng.remote.RemoteTestNG.main(RemoteTestNG.java:76)
]]>
    </failure>
  </testcase> <!-- @BeforeTest setLetter -->
  <testcase name="loginValidUser" time="0.005" classname="tests.GmailTest">
    <skipped/>
  </testcase> <!-- loginValidUser -->
  <testcase name="writeLetterAndSave" time="0.001" classname="tests.GmailTest">
    <skipped/>
  </testcase> <!-- writeLetterAndSave -->
  <testcase name="verifyInputFields" time="0.0" classname="tests.GmailTest">
    <skipped/>
  </testcase> <!-- verifyInputFields -->
  <testcase name="verifySentMails" time="0.0" classname="tests.GmailTest">
    <skipped/>
  </testcase> <!-- verifySentMails -->
  <testcase name="cleanUp" time="0.004" classname="tests.GmailTest">
    <skipped/>
  </testcase> <!-- cleanUp -->
</testsuite> <!-- Default test -->
