<?xml version="1.0" encoding="UTF-8"?>
<!-- Generated by org.testng.reporters.JUnitXMLReporter -->
<testsuite hostname="EPRURYAW0076" ignored="0" name="Test for informal letter" tests="5" failures="0" timestamp="16 Aug 2017 06:37:58 GMT" time="0.024" errors="0">
  <testcase name="@BeforeTest startBrowser" time="0.0" classname="tests.GmailTest">
    <failure type="org.openqa.selenium.UnhandledAlertException" message="unexpected alert open: {Alert text : Выполняется запрос к серверу. Если закрыть эту страницу, изменения не будут сохранены.}
  (Session info: chrome=60.0.3112.90)
  (Driver info: chromedriver=2.30.477700 (0057494ad8732195794a7b32078424f92a5fce41),platform=Windows NT 10.0.14393 x86_64) (WARNING: The server did not provide any stacktrace information)
Command duration or timeout: 2 milliseconds: null
Build info: version: &amp;apos;2.53.1&amp;apos;, revision: &amp;apos;a36b8b1cd5757287168e54b817830adce9b0158d&amp;apos;, time: &amp;apos;2016-06-30 19:26:09&amp;apos;
System info: host: &amp;apos;EPRURYAW0076&amp;apos;, ip: &amp;apos;10.19.9.193&amp;apos;, os.name: &amp;apos;Windows 10&amp;apos;, os.arch: &amp;apos;amd64&amp;apos;, os.version: &amp;apos;10.0&amp;apos;, java.version: &amp;apos;1.8.0_112&amp;apos;
Driver info: org.openqa.selenium.chrome.ChromeDriver
Capabilities [{applicationCacheEnabled=false, rotatable=false, mobileEmulationEnabled=false, networkConnectionEnabled=false, chrome={chromedriverVersion=2.30.477700 (0057494ad8732195794a7b32078424f92a5fce41), userDataDir=C:\Users\IVAN_B~1\AppData\Local\Temp\scoped_dir4372_24049}, takesHeapSnapshot=true, pageLoadStrategy=normal, databaseEnabled=false, handlesAlerts=true, hasTouchScreen=false, version=60.0.3112.90, platform=XP, browserConnectionEnabled=false, nativeEvents=true, acceptSslCerts=true, locationContextEnabled=true, webStorageEnabled=true, browserName=chrome, takesScreenshot=true, javascriptEnabled=true, cssSelectorsEnabled=true, unexpectedAlertBehaviour=}]
Session ID: 86201c41c90d8b54f75433edbd937501">
      <![CDATA[org.openqa.selenium.UnhandledAlertException: unexpected alert open: {Alert text : Выполняется запрос к серверу. Если закрыть эту страницу, изменения не будут сохранены.}
  (Session info: chrome=60.0.3112.90)
  (Driver info: chromedriver=2.30.477700 (0057494ad8732195794a7b32078424f92a5fce41),platform=Windows NT 10.0.14393 x86_64) (WARNING: The server did not provide any stacktrace information)
Command duration or timeout: 2 milliseconds: null
Build info: version: '2.53.1', revision: 'a36b8b1cd5757287168e54b817830adce9b0158d', time: '2016-06-30 19:26:09'
System info: host: 'EPRURYAW0076', ip: '10.19.9.193', os.name: 'Windows 10', os.arch: 'amd64', os.version: '10.0', java.version: '1.8.0_112'
Driver info: org.openqa.selenium.chrome.ChromeDriver
Capabilities [{applicationCacheEnabled=false, rotatable=false, mobileEmulationEnabled=false, networkConnectionEnabled=false, chrome={chromedriverVersion=2.30.477700 (0057494ad8732195794a7b32078424f92a5fce41), userDataDir=C:\Users\IVAN_B~1\AppData\Local\Temp\scoped_dir4372_24049}, takesHeapSnapshot=true, pageLoadStrategy=normal, databaseEnabled=false, handlesAlerts=true, hasTouchScreen=false, version=60.0.3112.90, platform=XP, browserConnectionEnabled=false, nativeEvents=true, acceptSslCerts=true, locationContextEnabled=true, webStorageEnabled=true, browserName=chrome, takesScreenshot=true, javascriptEnabled=true, cssSelectorsEnabled=true, unexpectedAlertBehaviour=}]
Session ID: 86201c41c90d8b54f75433edbd937501
	at org.openqa.selenium.remote.ErrorHandler.createThrowable(ErrorHandler.java:206)
	at org.openqa.selenium.remote.ErrorHandler.throwIfResponseFailed(ErrorHandler.java:164)
	at org.openqa.selenium.remote.RemoteWebDriver.execute(RemoteWebDriver.java:678)
	at org.openqa.selenium.remote.RemoteWebDriver.get(RemoteWebDriver.java:316)
	at patterns.decorator.WebDriverDecorator.get(WebDriverDecorator.java:21)
	at tests.GmailTest.startBrowser(GmailTest.java:57)
... Removed 27 stack frames]]>
    </failure>
  </testcase> <!-- @BeforeTest startBrowser -->
  <testcase name="@BeforeTest setWaiters" time="0.0" classname="tests.GmailTest">
    <skipped/>
  </testcase> <!-- @BeforeTest setWaiters -->
  <testcase name="@BeforeTest setLetter" time="0.0" classname="tests.GmailTest">
    <skipped/>
  </testcase> <!-- @BeforeTest setLetter -->
  <testcase name="loginValidUser" time="0.001" classname="tests.GmailTest">
    <skipped/>
  </testcase> <!-- loginValidUser -->
  <testcase name="writeLetterAndSave" time="0.0" classname="tests.GmailTest">
    <skipped/>
  </testcase> <!-- writeLetterAndSave -->
  <testcase name="verifyInputFields" time="0.0" classname="tests.GmailTest">
    <skipped/>
  </testcase> <!-- verifyInputFields -->
  <testcase name="verifySentMails" time="0.0" classname="tests.GmailTest">
    <skipped/>
  </testcase> <!-- verifySentMails -->
  <testcase name="cleanUp" time="0.001" classname="tests.GmailTest">
    <skipped/>
  </testcase> <!-- cleanUp -->
</testsuite> <!-- Test for informal letter -->
